<?xml version="1.0" encoding="utf-8"?><testsuites name="pytest tests"><testsuite name="pytest" errors="0" failures="0" skipped="0" tests="7" time="3.104" timestamp="2026-09-23T17:37:41.069713+00:00" hostname="agent-env-19ba5b47-37f1-43ed-9814-6a333587110b"><testcase classname="tests.test_inquiries" name="test_health_root" time="1.362" /><testcase classname="tests.test_inquiries" name="test_create_inquiry_valid_and_persistence" time="0.561" /><testcase classname="tests.test_inquiries" name="test_create_inquiry_minimal_fields" time="0.326" /><testcase classname="tests.test_inquiries" name="test_invalid_email_rejected" time="0.075" /><testcase classname="tests.test_inquiries" name="test_short_message_rejected" time="0.077" /><testcase classname="tests.test_inquiries" name="test_missing_required_fields" time="0.077" /><testcase classname="tests.test_inquiries" name="test_list_inquiries_sorted_desc" time="0.077" /></testsuite></testsuites>